========================================================
============  3D STRUCTURES CLUSTERING 3.0  ============
========================================================

************ General information ************
software version : 3.0
Created on       : 2016-11-05 09:57:47.823809
command line     : /home/user/Scripts/src/TrajectoryClustering/TrajectoryClustering.py -f traj.xtc -t TOPOL.pdb -st protein -sr backbone -l example.log -cc 4.2
ARGUMENTS : 
  Selection string :
    Atoms selected in trajectory = protein 
    Atoms selected for alignement = backbone 
    Atoms selected for RMSD = backbone 
  trajectory file  : traj.xtc 
  topology file    : TOPOL.pdb 
  method used of clusterring : ward

  cutoff for dendrogram clustering: cutoff
 >Distance matrix file detected : backbone.npy
  cutoff for clustering : 4.2

**** Cluster Results
 Number of Cluster => 7
cluster 1
    size = 93
    representative frame=78
    Members : [13, 14, 15, 18, 20, 21, 22, 25, 26, 27, 33, 36, 48, 62, 63, 64, 65, 66, 67, 68, 69, 71, 72, 73, 74, 76, 78, 79, 80, 81, 82, 84, 85, 87, 90, 91, 92, 93, 94, 95, 96, 97, 98, 99, 101, 102, 103, 104, 105, 106, 107, 108, 109, 111, 112, 113, 114, 115, 116, 117, 118, 119, 120, 121, 125, 126, 128, 130, 131, 134, 135, 136, 146, 149, 150, 151, 152, 153, 154, 155, 164, 168, 185, 191, 193, 452, 473, 474, 480, 481, 625, 869, 873] 
    spread  : 0.896865997404 
cluster 2
    size = 109
    representative frame=433
    Members : [1, 16, 19, 30, 31, 35, 38, 39, 40, 45, 46, 47, 49, 51, 52, 53, 58, 70, 123, 162, 163, 165, 166, 170, 171, 189, 190, 237, 248, 258, 259, 279, 282, 283, 284, 286, 288, 296, 298, 299, 300, 301, 302, 303, 304, 305, 313, 318, 320, 322, 325, 326, 327, 328, 329, 333, 342, 362, 401, 411, 412, 413, 428, 433, 434, 435, 436, 437, 440, 441, 442, 444, 465, 468, 494, 512, 534, 535, 550, 880, 1035, 1040, 1263, 1265, 1280, 1281, 1284, 1286, 1308, 1326, 1329, 1330, 1331, 1332, 1333, 1334, 1335, 1342, 1345, 1346, 1347, 1348, 1349, 1353, 1355, 1356, 1357, 1358, 1419] 
    spread  : 0.955080231985 
cluster 3
    size = 362
    representative frame=417
    Members : [0, 2, 3, 4, 5, 6, 7, 8, 9, 10, 11, 17, 23, 24, 28, 29, 32, 34, 37, 41, 42, 43, 44, 50, 54, 55, 56, 57, 59, 60, 61, 75, 77, 83, 86, 88, 100, 110, 122, 124, 127, 129, 132, 133, 137, 138, 139, 140, 141, 142, 143, 144, 145, 147, 148, 156, 157, 158, 159, 160, 161, 167, 169, 172, 173, 174, 175, 176, 177, 179, 186, 187, 188, 192, 194, 195, 196, 197, 198, 199, 200, 201, 202, 203, 205, 206, 207, 208, 209, 210, 211, 212, 213, 214, 215, 217, 218, 219, 220, 221, 222, 223, 224, 225, 226, 227, 228, 229, 230, 231, 232, 233, 234, 235, 236, 238, 239, 240, 242, 243, 244, 245, 246, 247, 249, 250, 251, 252, 253, 254, 255, 256, 257, 260, 261, 262, 263, 264, 265, 266, 267, 268, 269, 270, 271, 272, 273, 274, 275, 276, 277, 278, 280, 281, 285, 287, 289, 290, 291, 292, 293, 294, 295, 297, 306, 307, 308, 310, 311, 312, 315, 316, 317, 319, 321, 323, 324, 330, 331, 332, 334, 335, 336, 337, 338, 339, 340, 341, 343, 344, 345, 346, 347, 348, 349, 350, 351, 352, 353, 354, 355, 356, 357, 358, 359, 360, 361, 363, 364, 365, 366, 367, 368, 370, 371, 372, 373, 374, 375, 376, 377, 378, 379, 380, 381, 382, 383, 384, 385, 389, 390, 391, 392, 393, 394, 395, 396, 397, 398, 399, 400, 402, 403, 404, 405, 406, 407, 408, 409, 410, 414, 415, 416, 417, 418, 419, 420, 421, 422, 423, 424, 425, 426, 427, 429, 430, 431, 432, 438, 439, 443, 445, 446, 447, 448, 449, 450, 451, 453, 454, 455, 456, 457, 458, 460, 461, 462, 463, 464, 466, 467, 469, 470, 471, 472, 475, 476, 477, 478, 482, 483, 484, 485, 486, 487, 488, 492, 493, 495, 497, 500, 501, 506, 509, 516, 517, 518, 523, 526, 532, 536, 537, 538, 539, 544, 545, 546, 547, 548, 549, 551, 552, 553, 566, 569, 570, 571, 575, 583, 584, 602, 603, 604, 605, 612, 613, 614, 615, 616, 617, 618, 619, 620, 621, 623, 624, 628, 631, 1344, 1351, 1354, 1409] 
    spread  : 0.924683474163 
cluster 4
    size = 74
    representative frame=1475
    Members : [1184, 1188, 1191, 1208, 1214, 1216, 1236, 1242, 1243, 1244, 1245, 1246, 1247, 1248, 1249, 1368, 1369, 1370, 1371, 1372, 1373, 1374, 1375, 1376, 1377, 1378, 1379, 1395, 1433, 1434, 1435, 1437, 1440, 1441, 1444, 1445, 1455, 1457, 1458, 1459, 1465, 1466, 1468, 1469, 1470, 1471, 1472, 1473, 1474, 1475, 1476, 1477, 1478, 1479, 1480, 1481, 1482, 1484, 1485, 1486, 1487, 1488, 1489, 1490, 1491, 1492, 1493, 1494, 1495, 1496, 1497, 1498, 1499, 1500] 
    spread  : 0.929913138889 
cluster 5
    size = 396
    representative frame=1037
    Members : [216, 241, 309, 314, 369, 479, 489, 490, 491, 496, 498, 499, 504, 505, 507, 508, 510, 511, 513, 514, 515, 519, 520, 522, 524, 525, 527, 528, 529, 530, 531, 533, 540, 541, 555, 564, 567, 568, 579, 580, 582, 585, 586, 593, 594, 596, 597, 598, 599, 600, 601, 622, 637, 649, 650, 712, 725, 726, 728, 729, 731, 743, 746, 755, 756, 757, 771, 782, 785, 788, 791, 792, 798, 799, 800, 807, 809, 813, 814, 815, 823, 824, 826, 827, 828, 829, 830, 839, 842, 850, 851, 852, 853, 854, 856, 857, 859, 863, 866, 879, 881, 892, 893, 894, 900, 901, 903, 904, 906, 907, 908, 910, 911, 912, 913, 916, 917, 918, 919, 920, 921, 922, 923, 924, 925, 926, 931, 933, 934, 935, 937, 938, 939, 940, 941, 942, 943, 946, 950, 951, 952, 953, 954, 955, 956, 957, 958, 959, 960, 963, 964, 965, 966, 967, 968, 969, 973, 974, 975, 977, 980, 982, 983, 985, 986, 988, 989, 990, 991, 992, 993, 994, 995, 996, 997, 999, 1000, 1001, 1002, 1005, 1007, 1008, 1011, 1015, 1017, 1018, 1020, 1021, 1022, 1023, 1024, 1025, 1026, 1027, 1029, 1030, 1031, 1032, 1033, 1034, 1036, 1037, 1038, 1039, 1041, 1042, 1043, 1044, 1045, 1046, 1048, 1050, 1051, 1052, 1053, 1054, 1055, 1056, 1058, 1059, 1060, 1064, 1065, 1067, 1068, 1069, 1070, 1071, 1072, 1073, 1075, 1076, 1077, 1078, 1079, 1084, 1086, 1087, 1088, 1100, 1103, 1109, 1110, 1112, 1114, 1115, 1116, 1117, 1118, 1119, 1121, 1122, 1123, 1124, 1125, 1126, 1127, 1128, 1129, 1130, 1131, 1134, 1141, 1142, 1143, 1144, 1146, 1147, 1151, 1153, 1154, 1155, 1156, 1157, 1158, 1159, 1160, 1161, 1162, 1166, 1167, 1168, 1169, 1170, 1171, 1172, 1173, 1174, 1175, 1182, 1196, 1219, 1231, 1255, 1257, 1258, 1259, 1260, 1261, 1262, 1264, 1266, 1267, 1268, 1269, 1270, 1271, 1272, 1273, 1274, 1275, 1277, 1278, 1279, 1282, 1285, 1287, 1288, 1289, 1290, 1291, 1292, 1293, 1294, 1295, 1296, 1298, 1299, 1300, 1305, 1306, 1307, 1309, 1310, 1311, 1312, 1313, 1314, 1315, 1316, 1317, 1318, 1319, 1320, 1321, 1322, 1323, 1324, 1325, 1327, 1328, 1336, 1337, 1338, 1339, 1340, 1341, 1343, 1350, 1352, 1359, 1360, 1361, 1362, 1363, 1380, 1381, 1383, 1384, 1385, 1389, 1390, 1391, 1398, 1399, 1400, 1402, 1403, 1404, 1405, 1406, 1407, 1408, 1410, 1412, 1413, 1414, 1415, 1416, 1417, 1420, 1423, 1424, 1426, 1427, 1429] 
    spread  : 0.849965144602 
cluster 6
    size = 181
    representative frame=657
    Members : [12, 89, 178, 180, 181, 182, 183, 184, 204, 386, 387, 388, 459, 502, 521, 543, 554, 556, 557, 558, 559, 560, 561, 562, 563, 565, 572, 573, 574, 576, 577, 578, 581, 587, 589, 591, 592, 606, 607, 608, 609, 610, 611, 626, 627, 629, 630, 632, 633, 634, 635, 636, 638, 639, 640, 641, 642, 643, 644, 645, 646, 647, 648, 651, 652, 653, 654, 655, 656, 657, 658, 659, 660, 661, 662, 663, 664, 665, 666, 667, 668, 669, 670, 671, 672, 673, 674, 675, 676, 677, 678, 679, 680, 681, 682, 683, 684, 685, 686, 687, 688, 689, 690, 691, 692, 693, 694, 695, 696, 697, 698, 699, 700, 701, 702, 703, 704, 705, 706, 707, 708, 709, 710, 711, 713, 714, 715, 716, 717, 718, 719, 720, 721, 722, 723, 724, 732, 733, 734, 735, 736, 737, 738, 739, 763, 793, 796, 797, 867, 868, 870, 872, 875, 878, 882, 883, 885, 886, 887, 889, 905, 961, 962, 981, 987, 1028, 1276, 1297, 1382, 1401, 1418, 1421, 1422, 1425, 1428, 1430, 1431, 1436, 1439, 1453, 1463] 
    spread  : 0.894593472833 
cluster 7
    size = 286
    representative frame=1049
    Members : [503, 542, 588, 590, 595, 727, 730, 740, 741, 742, 744, 745, 747, 748, 749, 750, 751, 752, 753, 754, 758, 759, 760, 761, 762, 764, 765, 766, 767, 768, 769, 770, 772, 773, 774, 775, 776, 777, 778, 779, 780, 781, 783, 784, 786, 787, 789, 790, 794, 795, 801, 802, 803, 804, 805, 806, 808, 810, 811, 812, 816, 817, 818, 819, 820, 821, 822, 825, 831, 832, 833, 834, 835, 836, 837, 838, 840, 841, 843, 844, 845, 846, 847, 848, 849, 855, 858, 860, 861, 862, 864, 865, 871, 874, 876, 877, 884, 888, 890, 891, 895, 896, 897, 898, 899, 902, 909, 914, 915, 927, 928, 929, 930, 932, 936, 944, 945, 947, 948, 949, 970, 971, 972, 976, 978, 979, 984, 998, 1003, 1004, 1006, 1009, 1010, 1012, 1013, 1014, 1016, 1019, 1047, 1049, 1057, 1061, 1062, 1063, 1066, 1074, 1080, 1081, 1082, 1083, 1085, 1089, 1090, 1091, 1092, 1093, 1094, 1095, 1096, 1097, 1098, 1099, 1101, 1102, 1104, 1105, 1106, 1107, 1108, 1111, 1113, 1120, 1132, 1133, 1135, 1136, 1137, 1138, 1139, 1140, 1145, 1148, 1149, 1150, 1152, 1163, 1164, 1165, 1176, 1177, 1178, 1179, 1180, 1181, 1183, 1185, 1186, 1187, 1189, 1190, 1192, 1193, 1194, 1195, 1197, 1198, 1199, 1200, 1201, 1202, 1203, 1204, 1205, 1206, 1207, 1209, 1210, 1211, 1212, 1213, 1215, 1217, 1218, 1220, 1221, 1222, 1223, 1224, 1225, 1226, 1227, 1228, 1229, 1230, 1232, 1233, 1234, 1235, 1237, 1238, 1239, 1240, 1241, 1250, 1251, 1252, 1253, 1254, 1256, 1283, 1301, 1302, 1303, 1304, 1364, 1365, 1366, 1367, 1386, 1387, 1388, 1392, 1393, 1394, 1396, 1397, 1411, 1432, 1438, 1442, 1443, 1446, 1447, 1448, 1449, 1450, 1451, 1452, 1454, 1456, 1460, 1461, 1462, 1464, 1467, 1483] 
    spread  : 0.903460469399 
